# JRE version: Java(TM) SE Runtime Environment (17.0.2+8) (build 17.0.2+8-LTS-86)
# Java VM: Java HotSpot(TM) 64-Bit Server VM (17.0.2+8-LTS-86, mixed mode, emulated-client, sharing, tiered, compressed oops, compressed class ptrs, g1 gc, windows-amd64)
GC Precious Log:
 CPUs: 8 total, 8 available
 Memory: 7103M
 Large Page Support: Disabled
 NUMA Support: Disabled
 Compressed Oops: Enabled (32-bit)
 Heap Region Size: 1M
 Heap Min Capacity: 8M
 Heap Initial Capacity: 112M
 Heap Max Capacity: 1776M
 Pre-touch: Disabled
 Parallel Workers: 8
 Concurrent Workers: 2
 Concurrent Refinement Workers: 8
 Periodic GC: Disabled
Heap:
 garbage-first heap   total 61440K, used 35259K [0x0000000091000000, 0x0000000100000000)
  region size 1024K, 12 young (12288K), 4 survivors (4096K)
 Metaspace       used 51892K, committed 52288K, reserved 1097728K
  class space    used 7034K, committed 7232K, reserved 1048576K
GC Heap History (20 events):
Event: 3.009 GC heap before
{Heap before GC invocations=3 (full 0):
 garbage-first heap   total 114688K, used 32948K [0x0000000091000000, 0x0000000100000000)
  region size 1024K, 26 young (26624K), 5 survivors (5120K)
 Metaspace       used 21190K, committed 21504K, reserved 1073152K
  class space    used 2873K, committed 3008K, reserved 1048576K
}
Event: 3.015 GC heap after
{Heap after GC invocations=4 (full 0):
 garbage-first heap   total 114688K, used 13998K [0x0000000091000000, 0x0000000100000000)
  region size 1024K, 5 young (5120K), 5 survivors (5120K)
 Metaspace       used 21190K, committed 21504K, reserved 1073152K
  class space    used 2873K, committed 3008K, reserved 1048576K
}
Event: 3.496 GC heap before
{Heap before GC invocations=5 (full 0):
 garbage-first heap   total 51200K, used 38574K [0x0000000091000000, 0x0000000100000000)
  region size 1024K, 30 young (30720K), 5 survivors (5120K)
 Metaspace       used 24413K, committed 24832K, reserved 1073152K
  class space    used 3291K, committed 3456K, reserved 1048576K
}
Event: 3.502 GC heap after
{Heap after GC invocations=6 (full 0):
 garbage-first heap   total 51200K, used 16273K [0x0000000091000000, 0x0000000100000000)
  region size 1024K, 4 young (4096K), 4 survivors (4096K)
 Metaspace       used 24413K, committed 24832K, reserved 1073152K
  class space    used 3291K, committed 3456K, reserved 1048576K
}
Event: 3.894 GC heap before
{Heap before GC invocations=6 (full 0):
 garbage-first heap   total 51200K, used 35729K [0x0000000091000000, 0x0000000100000000)
  region size 1024K, 24 young (24576K), 4 survivors (4096K)
 Metaspace       used 28579K, committed 28928K, reserved 1081344K
  class space    used 3703K, committed 3904K, reserved 1048576K
}
Event: 3.898 GC heap after
{Heap after GC invocations=7 (full 0):
 garbage-first heap   total 51200K, used 18514K [0x0000000091000000, 0x0000000100000000)
  region size 1024K, 3 young (3072K), 3 survivors (3072K)
 Metaspace       used 28579K, committed 28928K, reserved 1081344K
  class space    used 3703K, committed 3904K, reserved 1048576K
}
Event: 4.242 GC heap before
{Heap before GC invocations=7 (full 0):
 garbage-first heap   total 51200K, used 36946K [0x0000000091000000, 0x0000000100000000)
  region size 1024K, 21 young (21504K), 3 survivors (3072K)
 Metaspace       used 32285K, committed 32704K, reserved 1081344K
  class space    used 4245K, committed 4416K, reserved 1048576K
}
Event: 4.245 GC heap after
{Heap after GC invocations=8 (full 0):
 garbage-first heap   total 51200K, used 19148K [0x0000000091000000, 0x0000000100000000)
  region size 1024K, 1 young (1024K), 1 survivors (1024K)
 Metaspace       used 32285K, committed 32704K, reserved 1081344K
  class space    used 4245K, committed 4416K, reserved 1048576K
}
Event: 4.499 GC heap before
{Heap before GC invocations=8 (full 0):
 garbage-first heap   total 51200K, used 35532K [0x0000000091000000, 0x0000000100000000)
  region size 1024K, 17 young (17408K), 1 survivors (1024K)
 Metaspace       used 35672K, committed 35968K, reserved 1081344K
  class space    used 4779K, committed 4928K, reserved 1048576K
}
Event: 4.502 GC heap after
{Heap after GC invocations=9 (full 0):
 garbage-first heap   total 51200K, used 21721K [0x0000000091000000, 0x0000000100000000)
  region size 1024K, 2 young (2048K), 2 survivors (2048K)
 Metaspace       used 35672K, committed 35968K, reserved 1081344K
  class space    used 4779K, committed 4928K, reserved 1048576K
}
Event: 4.809 GC heap before
{Heap before GC invocations=10 (full 0):
 garbage-first heap   total 51200K, used 39129K [0x0000000091000000, 0x0000000100000000)
  region size 1024K, 20 young (20480K), 2 survivors (2048K)
 Metaspace       used 39283K, committed 39680K, reserved 1089536K
  class space    used 5389K, committed 5568K, reserved 1048576K
}
Event: 4.814 GC heap after
{Heap after GC invocations=11 (full 0):
 garbage-first heap   total 51200K, used 22285K [0x0000000091000000, 0x0000000100000000)
  region size 1024K, 2 young (2048K), 2 survivors (2048K)
 Metaspace       used 39283K, committed 39680K, reserved 1089536K
  class space    used 5389K, committed 5568K, reserved 1048576K
}
Event: 5.078 GC heap before
{Heap before GC invocations=11 (full 0):
 garbage-first heap   total 51200K, used 40717K [0x0000000091000000, 0x0000000100000000)
  region size 1024K, 20 young (20480K), 2 survivors (2048K)
 Metaspace       used 42562K, committed 43008K, reserved 1089536K
  class space    used 5767K, committed 5952K, reserved 1048576K
}
Event: 5.081 GC heap after
{Heap after GC invocations=12 (full 0):
 garbage-first heap   total 51200K, used 23624K [0x0000000091000000, 0x0000000100000000)
  region size 1024K, 3 young (3072K), 3 survivors (3072K)
 Metaspace       used 42562K, committed 43008K, reserved 1089536K
  class space    used 5767K, committed 5952K, reserved 1048576K
}
Event: 5.301 GC heap before
{Heap before GC invocations=12 (full 0):
 garbage-first heap   total 51200K, used 40008K [0x0000000091000000, 0x0000000100000000)
  region size 1024K, 20 young (20480K), 3 survivors (3072K)
 Metaspace       used 45258K, committed 45568K, reserved 1089536K
  class space    used 6134K, committed 6272K, reserved 1048576K
}
Event: 5.305 GC heap after
{Heap after GC invocations=13 (full 0):
 garbage-first heap   total 61440K, used 24523K [0x0000000091000000, 0x0000000100000000)
  region size 1024K, 3 young (3072K), 3 survivors (3072K)
 Metaspace       used 45258K, committed 45568K, reserved 1089536K
  class space    used 6134K, committed 6272K, reserved 1048576K
}
Event: 5.658 GC heap before
{Heap before GC invocations=13 (full 0):
 garbage-first heap   total 61440K, used 49099K [0x0000000091000000, 0x0000000100000000)
  region size 1024K, 27 young (27648K), 3 survivors (3072K)
 Metaspace       used 47504K, committed 47872K, reserved 1097728K
  class space    used 6431K, committed 6592K, reserved 1048576K
}
Event: 5.662 GC heap after
{Heap after GC invocations=14 (full 0):
 garbage-first heap   total 61440K, used 26394K [0x0000000091000000, 0x0000000100000000)
  region size 1024K, 3 young (3072K), 3 survivors (3072K)
 Metaspace       used 47504K, committed 47872K, reserved 1097728K
  class space    used 6431K, committed 6592K, reserved 1048576K
}
Event: 10.638 GC heap before
{Heap before GC invocations=14 (full 0):
 garbage-first heap   total 61440K, used 48922K [0x0000000091000000, 0x0000000100000000)
  region size 1024K, 25 young (25600K), 3 survivors (3072K)
 Metaspace       used 50712K, committed 51200K, reserved 1097728K
  class space    used 6858K, committed 7104K, reserved 1048576K
}
Event: 10.642 GC heap after
{Heap after GC invocations=15 (full 0):
 garbage-first heap   total 61440K, used 28091K [0x0000000091000000, 0x0000000100000000)
  region size 1024K, 4 young (4096K), 4 survivors (4096K)
 Metaspace       used 50712K, committed 51200K, reserved 1097728K
  class space    used 6858K, committed 7104K, reserved 1048576K
}

