# JRE version: Java(TM) SE Runtime Environment (17.0.2+8) (build 17.0.2+8-LTS-86)
# Java VM: Java HotSpot(TM) 64-Bit Server VM (17.0.2+8-LTS-86, mixed mode, emulated-client, sharing, tiered, compressed oops, compressed class ptrs, g1 gc, windows-amd64)
GC Precious Log:
 CPUs: 8 total, 8 available
 Memory: 7103M
 Large Page Support: Disabled
 NUMA Support: Disabled
 Compressed Oops: Enabled (32-bit)
 Heap Region Size: 1M
 Heap Min Capacity: 8M
 Heap Initial Capacity: 112M
 Heap Max Capacity: 1776M
 Pre-touch: Disabled
 Parallel Workers: 8
 Concurrent Workers: 2
 Concurrent Refinement Workers: 8
 Periodic GC: Disabled
Heap:
 garbage-first heap   total 66560K, used 39385K [0x0000000091000000, 0x0000000100000000)
  region size 1024K, 15 young (15360K), 3 survivors (3072K)
 Metaspace       used 52388K, committed 52864K, reserved 1097728K
  class space    used 7203K, committed 7424K, reserved 1048576K
GC Heap History (20 events):
Event: 2.473 GC heap before
{Heap before GC invocations=3 (full 0):
 garbage-first heap   total 114688K, used 37535K [0x0000000091000000, 0x0000000100000000)
  region size 1024K, 31 young (31744K), 5 survivors (5120K)
 Metaspace       used 21198K, committed 21504K, reserved 1073152K
  class space    used 2916K, committed 3072K, reserved 1048576K
}
Event: 2.479 GC heap after
{Heap after GC invocations=4 (full 0):
 garbage-first heap   total 114688K, used 14154K [0x0000000091000000, 0x0000000100000000)
  region size 1024K, 7 young (7168K), 7 survivors (7168K)
 Metaspace       used 21198K, committed 21504K, reserved 1073152K
  class space    used 2916K, committed 3072K, reserved 1048576K
}
Event: 2.963 GC heap before
{Heap before GC invocations=5 (full 0):
 garbage-first heap   total 55296K, used 41802K [0x0000000091000000, 0x0000000100000000)
  region size 1024K, 35 young (35840K), 7 survivors (7168K)
 Metaspace       used 25267K, committed 25664K, reserved 1073152K
  class space    used 3410K, committed 3584K, reserved 1048576K
}
Event: 2.972 GC heap after
{Heap after GC invocations=6 (full 0):
 garbage-first heap   total 55296K, used 16631K [0x0000000091000000, 0x0000000100000000)
  region size 1024K, 8 young (8192K), 8 survivors (8192K)
 Metaspace       used 25267K, committed 25664K, reserved 1073152K
  class space    used 3410K, committed 3584K, reserved 1048576K
}
Event: 3.360 GC heap before
{Heap before GC invocations=6 (full 0):
 garbage-first heap   total 55296K, used 37111K [0x0000000091000000, 0x0000000100000000)
  region size 1024K, 29 young (29696K), 8 survivors (8192K)
 Metaspace       used 30745K, committed 31104K, reserved 1081344K
  class space    used 4042K, committed 4224K, reserved 1048576K
}
Event: 3.367 GC heap after
{Heap after GC invocations=7 (full 0):
 garbage-first heap   total 55296K, used 18631K [0x0000000091000000, 0x0000000100000000)
  region size 1024K, 3 young (3072K), 3 survivors (3072K)
 Metaspace       used 30745K, committed 31104K, reserved 1081344K
  class space    used 4042K, committed 4224K, reserved 1048576K
}
Event: 3.753 GC heap before
{Heap before GC invocations=7 (full 0):
 garbage-first heap   total 55296K, used 40135K [0x0000000091000000, 0x0000000100000000)
  region size 1024K, 23 young (23552K), 3 survivors (3072K)
 Metaspace       used 35474K, committed 35904K, reserved 1081344K
  class space    used 4823K, committed 4992K, reserved 1048576K
}
Event: 3.756 GC heap after
{Heap after GC invocations=8 (full 0):
 garbage-first heap   total 55296K, used 21748K [0x0000000091000000, 0x0000000100000000)
  region size 1024K, 2 young (2048K), 2 survivors (2048K)
 Metaspace       used 35474K, committed 35904K, reserved 1081344K
  class space    used 4823K, committed 4992K, reserved 1048576K
}
Event: 3.787 GC heap before
{Heap before GC invocations=8 (full 0):
 garbage-first heap   total 55296K, used 22772K [0x0000000091000000, 0x0000000100000000)
  region size 1024K, 4 young (4096K), 2 survivors (2048K)
 Metaspace       used 35917K, committed 36288K, reserved 1081344K
  class space    used 4876K, committed 5056K, reserved 1048576K
}
Event: 3.789 GC heap after
{Heap after GC invocations=9 (full 0):
 garbage-first heap   total 55296K, used 21686K [0x0000000091000000, 0x0000000100000000)
  region size 1024K, 2 young (2048K), 2 survivors (2048K)
 Metaspace       used 35917K, committed 36288K, reserved 1081344K
  class space    used 4876K, committed 5056K, reserved 1048576K
}
Event: 4.147 GC heap before
{Heap before GC invocations=10 (full 0):
 garbage-first heap   total 55296K, used 40118K [0x0000000091000000, 0x0000000100000000)
  region size 1024K, 21 young (21504K), 2 survivors (2048K)
 Metaspace       used 40536K, committed 40896K, reserved 1089536K
  class space    used 5608K, committed 5760K, reserved 1048576K
}
Event: 4.150 GC heap after
{Heap after GC invocations=11 (full 0):
 garbage-first heap   total 55296K, used 22495K [0x0000000091000000, 0x0000000100000000)
  region size 1024K, 2 young (2048K), 2 survivors (2048K)
 Metaspace       used 40536K, committed 40896K, reserved 1089536K
  class space    used 5608K, committed 5760K, reserved 1048576K
}
Event: 4.698 GC heap before
{Heap before GC invocations=12 (full 0):
 garbage-first heap   total 55296K, used 41951K [0x0000000091000000, 0x0000000100000000)
  region size 1024K, 22 young (22528K), 2 survivors (2048K)
 Metaspace       used 43314K, committed 43776K, reserved 1089536K
  class space    used 5993K, committed 6208K, reserved 1048576K
}
Event: 4.702 GC heap after
{Heap after GC invocations=13 (full 0):
 garbage-first heap   total 55296K, used 24088K [0x0000000091000000, 0x0000000100000000)
  region size 1024K, 3 young (3072K), 3 survivors (3072K)
 Metaspace       used 43314K, committed 43776K, reserved 1089536K
  class space    used 5993K, committed 6208K, reserved 1048576K
}
Event: 5.106 GC heap before
{Heap before GC invocations=13 (full 0):
 garbage-first heap   total 55296K, used 42520K [0x0000000091000000, 0x0000000100000000)
  region size 1024K, 21 young (21504K), 3 survivors (3072K)
 Metaspace       used 45673K, committed 46080K, reserved 1089536K
  class space    used 6280K, committed 6464K, reserved 1048576K
}
Event: 5.109 GC heap after
{Heap after GC invocations=14 (full 0):
 garbage-first heap   total 55296K, used 25416K [0x0000000091000000, 0x0000000100000000)
  region size 1024K, 3 young (3072K), 3 survivors (3072K)
 Metaspace       used 45673K, committed 46080K, reserved 1089536K
  class space    used 6280K, committed 6464K, reserved 1048576K
}
Event: 5.511 GC heap before
{Heap before GC invocations=14 (full 0):
 garbage-first heap   total 55296K, used 43848K [0x0000000091000000, 0x0000000100000000)
  region size 1024K, 21 young (21504K), 3 survivors (3072K)
 Metaspace       used 47569K, committed 48064K, reserved 1097728K
  class space    used 6548K, committed 6784K, reserved 1048576K
}
Event: 5.516 GC heap after
{Heap after GC invocations=15 (full 0):
 garbage-first heap   total 55296K, used 27271K [0x0000000091000000, 0x0000000100000000)
  region size 1024K, 3 young (3072K), 3 survivors (3072K)
 Metaspace       used 47569K, committed 48064K, reserved 1097728K
  class space    used 6548K, committed 6784K, reserved 1048576K
}
Event: 6.935 GC heap before
{Heap before GC invocations=15 (full 0):
 garbage-first heap   total 55296K, used 42631K [0x0000000091000000, 0x0000000100000000)
  region size 1024K, 19 young (19456K), 3 survivors (3072K)
 Metaspace       used 51075K, committed 51520K, reserved 1097728K
  class space    used 7019K, committed 7232K, reserved 1048576K
}
Event: 6.940 GC heap after
{Heap after GC invocations=16 (full 0):
 garbage-first heap   total 66560K, used 29145K [0x0000000091000000, 0x0000000100000000)
  region size 1024K, 3 young (3072K), 3 survivors (3072K)
 Metaspace       used 51075K, committed 51520K, reserved 1097728K
  class space    used 7019K, committed 7232K, reserved 1048576K
}

